[0.072s] colcon DEBUG Command line arguments: ['/usr/bin/colcon', 'build', '--packages-select', 'test_action_cancel']
[0.072s] colcon DEBUG Parsed command line arguments: Namespace(log_base=None, log_level=None, verb_name='build', build_base='build', install_base='install', merge_install=False, symlink_install=False, test_result_base=None, continue_on_error=False, executor='parallel', parallel_workers=16, event_handlers=None, ignore_user_meta=False, metas=['./colcon.meta'], base_paths=['.'], packages_ignore=None, packages_ignore_regex=None, paths=None, packages_up_to=None, packages_up_to_regex=None, packages_above=None, packages_above_and_dependencies=None, packages_above_depth=None, packages_select_by_dep=None, packages_skip_by_dep=None, packages_skip_up_to=None, packages_select_build_failed=False, packages_skip_build_finished=False, packages_select_test_failures=False, packages_skip_test_passed=False, packages_select=['test_action_cancel'], packages_skip=None, packages_select_regex=None, packages_skip_regex=None, packages_start=None, packages_end=None, allow_overriding=[], cmake_args=None, cmake_target=None, cmake_target_skip_unavailable=False, cmake_clean_cache=False, cmake_clean_first=False, cmake_force_configure=False, ament_cmake_args=None, catkin_cmake_args=None, catkin_skip_building_tests=False, mixin_files=None, mixin=None, verb_parser=<colcon_mixin.mixin.mixin_argument.MixinArgumentDecorator object at 0x77fa98b7c2b0>, verb_extension=<colcon_core.verb.build.BuildVerb object at 0x77fa98c7d180>, main=<bound method BuildVerb.main of <colcon_core.verb.build.BuildVerb object at 0x77fa98c7d180>>, mixin_verb=('build',))
[0.197s] colcon.colcon_core.package_discovery Level 1 discover_packages(colcon_meta) check parameters
[0.197s] colcon.colcon_core.package_discovery Level 1 discover_packages(recursive) check parameters
[0.197s] colcon.colcon_core.package_discovery Level 1 discover_packages(ignore) check parameters
[0.197s] colcon.colcon_core.package_discovery Level 1 discover_packages(path) check parameters
[0.197s] colcon.colcon_core.package_discovery Level 1 discover_packages(colcon_meta) discover
[0.197s] colcon.colcon_core.package_discovery Level 1 discover_packages(recursive) discover
[0.197s] colcon.colcon_core.package_discovery INFO Crawling recursively for packages in '/home/lhl/test_action_ws'
[0.197s] colcon.colcon_core.package_identification Level 1 _identify(.) by extensions ['ignore', 'ignore_ament_install']
[0.197s] colcon.colcon_core.package_identification Level 1 _identify(.) by extension 'ignore'
[0.197s] colcon.colcon_core.package_identification Level 1 _identify(.) by extension 'ignore_ament_install'
[0.197s] colcon.colcon_core.package_identification Level 1 _identify(.) by extensions ['colcon_pkg']
[0.197s] colcon.colcon_core.package_identification Level 1 _identify(.) by extension 'colcon_pkg'
[0.197s] colcon.colcon_core.package_identification Level 1 _identify(.) by extensions ['colcon_meta']
[0.197s] colcon.colcon_core.package_identification Level 1 _identify(.) by extension 'colcon_meta'
[0.197s] colcon.colcon_core.package_identification Level 1 _identify(.) by extensions ['ros']
[0.197s] colcon.colcon_core.package_identification Level 1 _identify(.) by extension 'ros'
[0.204s] colcon.colcon_core.package_identification Level 1 _identify(.) by extensions ['cmake', 'python']
[0.204s] colcon.colcon_core.package_identification Level 1 _identify(.) by extension 'cmake'
[0.204s] colcon.colcon_core.package_identification Level 1 _identify(.) by extension 'python'
[0.204s] colcon.colcon_core.package_identification Level 1 _identify(.) by extensions ['python_setup_py']
[0.204s] colcon.colcon_core.package_identification Level 1 _identify(.) by extension 'python_setup_py'
[0.204s] colcon.colcon_core.package_identification Level 1 _identify(build) by extensions ['ignore', 'ignore_ament_install']
[0.204s] colcon.colcon_core.package_identification Level 1 _identify(build) by extension 'ignore'
[0.204s] colcon.colcon_core.package_identification Level 1 _identify(build) ignored
[0.205s] colcon.colcon_core.package_identification Level 1 _identify(install) by extensions ['ignore', 'ignore_ament_install']
[0.205s] colcon.colcon_core.package_identification Level 1 _identify(install) by extension 'ignore'
[0.205s] colcon.colcon_core.package_identification Level 1 _identify(install) ignored
[0.205s] colcon.colcon_core.package_identification Level 1 _identify(log) by extensions ['ignore', 'ignore_ament_install']
[0.205s] colcon.colcon_core.package_identification Level 1 _identify(log) by extension 'ignore'
[0.205s] colcon.colcon_core.package_identification Level 1 _identify(log) ignored
[0.205s] colcon.colcon_core.package_identification Level 1 _identify(src) by extensions ['ignore', 'ignore_ament_install']
[0.205s] colcon.colcon_core.package_identification Level 1 _identify(src) by extension 'ignore'
[0.205s] colcon.colcon_core.package_identification Level 1 _identify(src) by extension 'ignore_ament_install'
[0.205s] colcon.colcon_core.package_identification Level 1 _identify(src) by extensions ['colcon_pkg']
[0.205s] colcon.colcon_core.package_identification Level 1 _identify(src) by extension 'colcon_pkg'
[0.205s] colcon.colcon_core.package_identification Level 1 _identify(src) by extensions ['colcon_meta']
[0.205s] colcon.colcon_core.package_identification Level 1 _identify(src) by extension 'colcon_meta'
[0.205s] colcon.colcon_core.package_identification Level 1 _identify(src) by extensions ['ros']
[0.205s] colcon.colcon_core.package_identification Level 1 _identify(src) by extension 'ros'
[0.205s] colcon.colcon_core.package_identification Level 1 _identify(src) by extensions ['cmake', 'python']
[0.205s] colcon.colcon_core.package_identification Level 1 _identify(src) by extension 'cmake'
[0.205s] colcon.colcon_core.package_identification Level 1 _identify(src) by extension 'python'
[0.205s] colcon.colcon_core.package_identification Level 1 _identify(src) by extensions ['python_setup_py']
[0.205s] colcon.colcon_core.package_identification Level 1 _identify(src) by extension 'python_setup_py'
[0.205s] colcon.colcon_core.package_identification Level 1 _identify(src/test_action_cancel) by extensions ['ignore', 'ignore_ament_install']
[0.205s] colcon.colcon_core.package_identification Level 1 _identify(src/test_action_cancel) by extension 'ignore'
[0.205s] colcon.colcon_core.package_identification Level 1 _identify(src/test_action_cancel) by extension 'ignore_ament_install'
[0.205s] colcon.colcon_core.package_identification Level 1 _identify(src/test_action_cancel) by extensions ['colcon_pkg']
[0.205s] colcon.colcon_core.package_identification Level 1 _identify(src/test_action_cancel) by extension 'colcon_pkg'
[0.205s] colcon.colcon_core.package_identification Level 1 _identify(src/test_action_cancel) by extensions ['colcon_meta']
[0.205s] colcon.colcon_core.package_identification Level 1 _identify(src/test_action_cancel) by extension 'colcon_meta'
[0.205s] colcon.colcon_core.package_identification Level 1 _identify(src/test_action_cancel) by extensions ['ros']
[0.205s] colcon.colcon_core.package_identification Level 1 _identify(src/test_action_cancel) by extension 'ros'
[0.207s] colcon.colcon_core.package_identification DEBUG Package 'src/test_action_cancel' with type 'ros.ament_python' and name 'test_action_cancel'
[0.207s] colcon.colcon_core.package_identification Level 1 _identify(src/test_action_interfaces) by extensions ['ignore', 'ignore_ament_install']
[0.207s] colcon.colcon_core.package_identification Level 1 _identify(src/test_action_interfaces) by extension 'ignore'
[0.207s] colcon.colcon_core.package_identification Level 1 _identify(src/test_action_interfaces) by extension 'ignore_ament_install'
[0.207s] colcon.colcon_core.package_identification Level 1 _identify(src/test_action_interfaces) by extensions ['colcon_pkg']
[0.207s] colcon.colcon_core.package_identification Level 1 _identify(src/test_action_interfaces) by extension 'colcon_pkg'
[0.207s] colcon.colcon_core.package_identification Level 1 _identify(src/test_action_interfaces) by extensions ['colcon_meta']
[0.207s] colcon.colcon_core.package_identification Level 1 _identify(src/test_action_interfaces) by extension 'colcon_meta'
[0.207s] colcon.colcon_core.package_identification Level 1 _identify(src/test_action_interfaces) by extensions ['ros']
[0.207s] colcon.colcon_core.package_identification Level 1 _identify(src/test_action_interfaces) by extension 'ros'
[0.207s] colcon.colcon_core.package_identification DEBUG Package 'src/test_action_interfaces' with type 'ros.ament_cmake' and name 'test_action_interfaces'
[0.207s] colcon.colcon_core.package_discovery Level 1 discover_packages(recursive) using defaults
[0.207s] colcon.colcon_core.package_discovery Level 1 discover_packages(ignore) discover
[0.207s] colcon.colcon_core.package_discovery Level 1 discover_packages(ignore) using defaults
[0.207s] colcon.colcon_core.package_discovery Level 1 discover_packages(path) discover
[0.207s] colcon.colcon_core.package_discovery Level 1 discover_packages(path) using defaults
[0.216s] colcon.colcon_core.package_selection INFO Skipping not selected package 'test_action_interfaces' in 'src/test_action_interfaces'
[0.216s] colcon.colcon_core.package_discovery Level 1 discover_packages(prefix_path) check parameters
[0.216s] colcon.colcon_core.package_discovery Level 1 discover_packages(prefix_path) discover
[0.218s] colcon.colcon_installed_package_information.package_discovery DEBUG Found 310 installed packages in /opt/ros/humble
[0.219s] colcon.colcon_core.package_discovery Level 1 discover_packages(prefix_path) using defaults
[0.242s] colcon.colcon_core.verb Level 5 set package 'test_action_cancel' build argument 'cmake_args' from command line to 'None'
[0.242s] colcon.colcon_core.verb Level 5 set package 'test_action_cancel' build argument 'cmake_target' from command line to 'None'
[0.242s] colcon.colcon_core.verb Level 5 set package 'test_action_cancel' build argument 'cmake_target_skip_unavailable' from command line to 'False'
[0.242s] colcon.colcon_core.verb Level 5 set package 'test_action_cancel' build argument 'cmake_clean_cache' from command line to 'False'
[0.242s] colcon.colcon_core.verb Level 5 set package 'test_action_cancel' build argument 'cmake_clean_first' from command line to 'False'
[0.242s] colcon.colcon_core.verb Level 5 set package 'test_action_cancel' build argument 'cmake_force_configure' from command line to 'False'
[0.242s] colcon.colcon_core.verb Level 5 set package 'test_action_cancel' build argument 'ament_cmake_args' from command line to 'None'
[0.242s] colcon.colcon_core.verb Level 5 set package 'test_action_cancel' build argument 'catkin_cmake_args' from command line to 'None'
[0.242s] colcon.colcon_core.verb Level 5 set package 'test_action_cancel' build argument 'catkin_skip_building_tests' from command line to 'False'
[0.242s] colcon.colcon_core.verb DEBUG Building package 'test_action_cancel' with the following arguments: {'ament_cmake_args': None, 'build_base': '/home/lhl/test_action_ws/build/test_action_cancel', 'catkin_cmake_args': None, 'catkin_skip_building_tests': False, 'cmake_args': None, 'cmake_clean_cache': False, 'cmake_clean_first': False, 'cmake_force_configure': False, 'cmake_target': None, 'cmake_target_skip_unavailable': False, 'install_base': '/home/lhl/test_action_ws/install/test_action_cancel', 'merge_install': False, 'path': '/home/lhl/test_action_ws/src/test_action_cancel', 'symlink_install': False, 'test_result_base': None}
[0.242s] colcon.colcon_core.executor INFO Executing jobs using 'parallel' executor
[0.243s] colcon.colcon_parallel_executor.executor.parallel DEBUG run_until_complete
[0.243s] colcon.colcon_ros.task.ament_python.build INFO Building ROS package in '/home/lhl/test_action_ws/src/test_action_cancel' with build type 'ament_python'
[0.243s] colcon.colcon_core.shell Level 1 create_environment_hook('test_action_cancel', 'ament_prefix_path')
[0.245s] colcon.colcon_core.plugin_system INFO Skipping extension 'colcon_core.shell.bat': Not used on non-Windows systems
[0.245s] colcon.colcon_core.shell INFO Creating environment hook '/home/lhl/test_action_ws/install/test_action_cancel/share/test_action_cancel/hook/ament_prefix_path.ps1'
[0.245s] colcon.colcon_core.shell INFO Creating environment descriptor '/home/lhl/test_action_ws/install/test_action_cancel/share/test_action_cancel/hook/ament_prefix_path.dsv'
[0.245s] colcon.colcon_core.shell INFO Creating environment hook '/home/lhl/test_action_ws/install/test_action_cancel/share/test_action_cancel/hook/ament_prefix_path.sh'
[0.246s] colcon.colcon_core.shell INFO Skip shell extension 'powershell' for command environment: Not usable outside of PowerShell
[0.246s] colcon.colcon_core.shell DEBUG Skip shell extension 'dsv' for command environment
[0.433s] colcon.colcon_core.task.python.build INFO Building Python package in '/home/lhl/test_action_ws/src/test_action_cancel'
[0.434s] colcon.colcon_core.shell INFO Skip shell extension 'powershell' for command environment: Not usable outside of PowerShell
[0.434s] colcon.colcon_core.shell DEBUG Skip shell extension 'dsv' for command environment
[0.717s] colcon.colcon_core.event_handler.log_command DEBUG Invoking command in '/home/lhl/test_action_ws/src/test_action_cancel': AMENT_PREFIX_PATH=/home/lhl/test_action_ws/install/test_action_interfaces:${AMENT_PREFIX_PATH} CMAKE_PREFIX_PATH=/home/lhl/test_action_ws/install/test_action_interfaces LD_LIBRARY_PATH=/home/lhl/test_action_ws/install/test_action_interfaces/lib:${LD_LIBRARY_PATH} PYTHONPATH=/home/lhl/test_action_ws/build/test_action_cancel/prefix_override:/usr/lib/python3/dist-packages/colcon_core/task/python/colcon_distutils_commands:/home/lhl/test_action_ws/install/test_action_cancel/lib/python3.10/site-packages:/home/lhl/test_action_ws/install/test_action_interfaces/local/lib/python3.10/dist-packages:${PYTHONPATH} /usr/bin/python3 -W ignore:setup.py install is deprecated -W ignore:easy_install command is deprecated setup.py egg_info --egg-base ../../build/test_action_cancel build --build-base /home/lhl/test_action_ws/build/test_action_cancel/build install --record /home/lhl/test_action_ws/build/test_action_cancel/install.log --single-version-externally-managed install_data
[0.916s] colcon.colcon_core.event_handler.log_command DEBUG Invoked command in '/home/lhl/test_action_ws/src/test_action_cancel' returned '0': AMENT_PREFIX_PATH=/home/lhl/test_action_ws/install/test_action_interfaces:${AMENT_PREFIX_PATH} CMAKE_PREFIX_PATH=/home/lhl/test_action_ws/install/test_action_interfaces LD_LIBRARY_PATH=/home/lhl/test_action_ws/install/test_action_interfaces/lib:${LD_LIBRARY_PATH} PYTHONPATH=/home/lhl/test_action_ws/build/test_action_cancel/prefix_override:/usr/lib/python3/dist-packages/colcon_core/task/python/colcon_distutils_commands:/home/lhl/test_action_ws/install/test_action_cancel/lib/python3.10/site-packages:/home/lhl/test_action_ws/install/test_action_interfaces/local/lib/python3.10/dist-packages:${PYTHONPATH} /usr/bin/python3 -W ignore:setup.py install is deprecated -W ignore:easy_install command is deprecated setup.py egg_info --egg-base ../../build/test_action_cancel build --build-base /home/lhl/test_action_ws/build/test_action_cancel/build install --record /home/lhl/test_action_ws/build/test_action_cancel/install.log --single-version-externally-managed install_data
[0.917s] colcon.colcon_core.environment Level 1 checking '/home/lhl/test_action_ws/install/test_action_cancel' for CMake module files
[0.918s] colcon.colcon_core.environment Level 1 checking '/home/lhl/test_action_ws/install/test_action_cancel' for CMake config files
[0.918s] colcon.colcon_core.environment Level 1 checking '/home/lhl/test_action_ws/install/test_action_cancel/lib'
[0.918s] colcon.colcon_core.environment Level 1 checking '/home/lhl/test_action_ws/install/test_action_cancel/bin'
[0.918s] colcon.colcon_core.environment Level 1 checking '/home/lhl/test_action_ws/install/test_action_cancel/lib/pkgconfig/test_action_cancel.pc'
[0.918s] colcon.colcon_core.environment Level 1 checking '/home/lhl/test_action_ws/install/test_action_cancel/lib/python3.10/site-packages'
[0.918s] colcon.colcon_core.shell Level 1 create_environment_hook('test_action_cancel', 'pythonpath')
[0.918s] colcon.colcon_core.shell INFO Creating environment hook '/home/lhl/test_action_ws/install/test_action_cancel/share/test_action_cancel/hook/pythonpath.ps1'
[0.919s] colcon.colcon_core.shell INFO Creating environment descriptor '/home/lhl/test_action_ws/install/test_action_cancel/share/test_action_cancel/hook/pythonpath.dsv'
[0.919s] colcon.colcon_core.shell INFO Creating environment hook '/home/lhl/test_action_ws/install/test_action_cancel/share/test_action_cancel/hook/pythonpath.sh'
[0.920s] colcon.colcon_core.environment Level 1 checking '/home/lhl/test_action_ws/install/test_action_cancel/bin'
[0.920s] colcon.colcon_core.environment Level 1 create_environment_scripts_only(test_action_cancel)
[0.920s] colcon.colcon_core.shell INFO Creating package script '/home/lhl/test_action_ws/install/test_action_cancel/share/test_action_cancel/package.ps1'
[0.920s] colcon.colcon_core.shell INFO Creating package descriptor '/home/lhl/test_action_ws/install/test_action_cancel/share/test_action_cancel/package.dsv'
[0.920s] colcon.colcon_core.shell INFO Creating package script '/home/lhl/test_action_ws/install/test_action_cancel/share/test_action_cancel/package.sh'
[0.921s] colcon.colcon_core.shell INFO Creating package script '/home/lhl/test_action_ws/install/test_action_cancel/share/test_action_cancel/package.bash'
[0.921s] colcon.colcon_core.shell INFO Creating package script '/home/lhl/test_action_ws/install/test_action_cancel/share/test_action_cancel/package.zsh'
[0.921s] colcon.colcon_core.environment Level 1 create_file_with_runtime_dependencies(/home/lhl/test_action_ws/install/test_action_cancel/share/colcon-core/packages/test_action_cancel)
[0.922s] colcon.colcon_parallel_executor.executor.parallel DEBUG closing loop
[0.922s] colcon.colcon_parallel_executor.executor.parallel DEBUG loop closed
[0.922s] colcon.colcon_parallel_executor.executor.parallel DEBUG run_until_complete finished with '0'
[0.922s] colcon.colcon_core.event_reactor DEBUG joining thread
[0.926s] colcon.colcon_core.plugin_system INFO Skipping extension 'colcon_notification.desktop_notification.terminal_notifier': Not used on non-Darwin systems
[0.927s] colcon.colcon_core.plugin_system INFO Skipping extension 'colcon_notification.desktop_notification.win32': Not used on non-Windows systems
[0.927s] colcon.colcon_notification.desktop_notification INFO Sending desktop notification using 'notify2'
[0.934s] colcon.colcon_core.event_reactor DEBUG joined thread
[0.934s] colcon.colcon_core.shell INFO Creating prefix script '/home/lhl/test_action_ws/install/local_setup.ps1'
[0.935s] colcon.colcon_core.shell INFO Creating prefix util module '/home/lhl/test_action_ws/install/_local_setup_util_ps1.py'
[0.935s] colcon.colcon_core.shell INFO Creating prefix chain script '/home/lhl/test_action_ws/install/setup.ps1'
[0.936s] colcon.colcon_core.shell INFO Creating prefix script '/home/lhl/test_action_ws/install/local_setup.sh'
[0.936s] colcon.colcon_core.shell INFO Creating prefix util module '/home/lhl/test_action_ws/install/_local_setup_util_sh.py'
[0.937s] colcon.colcon_core.shell INFO Creating prefix chain script '/home/lhl/test_action_ws/install/setup.sh'
[0.937s] colcon.colcon_core.shell INFO Creating prefix script '/home/lhl/test_action_ws/install/local_setup.bash'
[0.937s] colcon.colcon_core.shell INFO Creating prefix chain script '/home/lhl/test_action_ws/install/setup.bash'
[0.938s] colcon.colcon_core.shell INFO Creating prefix script '/home/lhl/test_action_ws/install/local_setup.zsh'
[0.938s] colcon.colcon_core.shell INFO Creating prefix chain script '/home/lhl/test_action_ws/install/setup.zsh'
