[0.071s] colcon DEBUG Command line arguments: ['/usr/bin/colcon', 'build', '--packages-select', 'test_action_interfaces', 'test_action_cancel']
[0.071s] colcon DEBUG Parsed command line arguments: Namespace(log_base=None, log_level=None, verb_name='build', build_base='build', install_base='install', merge_install=False, symlink_install=False, test_result_base=None, continue_on_error=False, executor='parallel', parallel_workers=16, event_handlers=None, ignore_user_meta=False, metas=['./colcon.meta'], base_paths=['.'], packages_ignore=None, packages_ignore_regex=None, paths=None, packages_up_to=None, packages_up_to_regex=None, packages_above=None, packages_above_and_dependencies=None, packages_above_depth=None, packages_select_by_dep=None, packages_skip_by_dep=None, packages_skip_up_to=None, packages_select_build_failed=False, packages_skip_build_finished=False, packages_select_test_failures=False, packages_skip_test_passed=False, packages_select=['test_action_interfaces', 'test_action_cancel'], packages_skip=None, packages_select_regex=None, packages_skip_regex=None, packages_start=None, packages_end=None, allow_overriding=[], cmake_args=None, cmake_target=None, cmake_target_skip_unavailable=False, cmake_clean_cache=False, cmake_clean_first=False, cmake_force_configure=False, ament_cmake_args=None, catkin_cmake_args=None, catkin_skip_building_tests=False, mixin_files=None, mixin=None, verb_parser=<colcon_mixin.mixin.mixin_argument.MixinArgumentDecorator object at 0x7747142702e0>, verb_extension=<colcon_core.verb.build.BuildVerb object at 0x7747143711b0>, main=<bound method BuildVerb.main of <colcon_core.verb.build.BuildVerb object at 0x7747143711b0>>, mixin_verb=('build',))
[0.194s] colcon.colcon_core.package_discovery Level 1 discover_packages(colcon_meta) check parameters
[0.194s] colcon.colcon_core.package_discovery Level 1 discover_packages(recursive) check parameters
[0.194s] colcon.colcon_core.package_discovery Level 1 discover_packages(ignore) check parameters
[0.194s] colcon.colcon_core.package_discovery Level 1 discover_packages(path) check parameters
[0.194s] colcon.colcon_core.package_discovery Level 1 discover_packages(colcon_meta) discover
[0.194s] colcon.colcon_core.package_discovery Level 1 discover_packages(recursive) discover
[0.194s] colcon.colcon_core.package_discovery INFO Crawling recursively for packages in '/home/lhl/test_action_ws'
[0.194s] colcon.colcon_core.package_identification Level 1 _identify(.) by extensions ['ignore', 'ignore_ament_install']
[0.195s] colcon.colcon_core.package_identification Level 1 _identify(.) by extension 'ignore'
[0.195s] colcon.colcon_core.package_identification Level 1 _identify(.) by extension 'ignore_ament_install'
[0.195s] colcon.colcon_core.package_identification Level 1 _identify(.) by extensions ['colcon_pkg']
[0.195s] colcon.colcon_core.package_identification Level 1 _identify(.) by extension 'colcon_pkg'
[0.195s] colcon.colcon_core.package_identification Level 1 _identify(.) by extensions ['colcon_meta']
[0.195s] colcon.colcon_core.package_identification Level 1 _identify(.) by extension 'colcon_meta'
[0.195s] colcon.colcon_core.package_identification Level 1 _identify(.) by extensions ['ros']
[0.195s] colcon.colcon_core.package_identification Level 1 _identify(.) by extension 'ros'
[0.201s] colcon.colcon_core.package_identification Level 1 _identify(.) by extensions ['cmake', 'python']
[0.202s] colcon.colcon_core.package_identification Level 1 _identify(.) by extension 'cmake'
[0.202s] colcon.colcon_core.package_identification Level 1 _identify(.) by extension 'python'
[0.202s] colcon.colcon_core.package_identification Level 1 _identify(.) by extensions ['python_setup_py']
[0.202s] colcon.colcon_core.package_identification Level 1 _identify(.) by extension 'python_setup_py'
[0.202s] colcon.colcon_core.package_identification Level 1 _identify(build) by extensions ['ignore', 'ignore_ament_install']
[0.202s] colcon.colcon_core.package_identification Level 1 _identify(build) by extension 'ignore'
[0.202s] colcon.colcon_core.package_identification Level 1 _identify(build) ignored
[0.202s] colcon.colcon_core.package_identification Level 1 _identify(install) by extensions ['ignore', 'ignore_ament_install']
[0.202s] colcon.colcon_core.package_identification Level 1 _identify(install) by extension 'ignore'
[0.202s] colcon.colcon_core.package_identification Level 1 _identify(install) ignored
[0.202s] colcon.colcon_core.package_identification Level 1 _identify(log) by extensions ['ignore', 'ignore_ament_install']
[0.202s] colcon.colcon_core.package_identification Level 1 _identify(log) by extension 'ignore'
[0.202s] colcon.colcon_core.package_identification Level 1 _identify(log) ignored
[0.202s] colcon.colcon_core.package_identification Level 1 _identify(src) by extensions ['ignore', 'ignore_ament_install']
[0.202s] colcon.colcon_core.package_identification Level 1 _identify(src) by extension 'ignore'
[0.202s] colcon.colcon_core.package_identification Level 1 _identify(src) by extension 'ignore_ament_install'
[0.202s] colcon.colcon_core.package_identification Level 1 _identify(src) by extensions ['colcon_pkg']
[0.202s] colcon.colcon_core.package_identification Level 1 _identify(src) by extension 'colcon_pkg'
[0.202s] colcon.colcon_core.package_identification Level 1 _identify(src) by extensions ['colcon_meta']
[0.202s] colcon.colcon_core.package_identification Level 1 _identify(src) by extension 'colcon_meta'
[0.202s] colcon.colcon_core.package_identification Level 1 _identify(src) by extensions ['ros']
[0.202s] colcon.colcon_core.package_identification Level 1 _identify(src) by extension 'ros'
[0.202s] colcon.colcon_core.package_identification Level 1 _identify(src) by extensions ['cmake', 'python']
[0.202s] colcon.colcon_core.package_identification Level 1 _identify(src) by extension 'cmake'
[0.202s] colcon.colcon_core.package_identification Level 1 _identify(src) by extension 'python'
[0.202s] colcon.colcon_core.package_identification Level 1 _identify(src) by extensions ['python_setup_py']
[0.202s] colcon.colcon_core.package_identification Level 1 _identify(src) by extension 'python_setup_py'
[0.202s] colcon.colcon_core.package_identification Level 1 _identify(src/test_action_cancel) by extensions ['ignore', 'ignore_ament_install']
[0.202s] colcon.colcon_core.package_identification Level 1 _identify(src/test_action_cancel) by extension 'ignore'
[0.202s] colcon.colcon_core.package_identification Level 1 _identify(src/test_action_cancel) by extension 'ignore_ament_install'
[0.202s] colcon.colcon_core.package_identification Level 1 _identify(src/test_action_cancel) by extensions ['colcon_pkg']
[0.202s] colcon.colcon_core.package_identification Level 1 _identify(src/test_action_cancel) by extension 'colcon_pkg'
[0.202s] colcon.colcon_core.package_identification Level 1 _identify(src/test_action_cancel) by extensions ['colcon_meta']
[0.202s] colcon.colcon_core.package_identification Level 1 _identify(src/test_action_cancel) by extension 'colcon_meta'
[0.202s] colcon.colcon_core.package_identification Level 1 _identify(src/test_action_cancel) by extensions ['ros']
[0.202s] colcon.colcon_core.package_identification Level 1 _identify(src/test_action_cancel) by extension 'ros'
[0.204s] colcon.colcon_core.package_identification DEBUG Package 'src/test_action_cancel' with type 'ros.ament_python' and name 'test_action_cancel'
[0.204s] colcon.colcon_core.package_identification Level 1 _identify(src/test_action_interfaces) by extensions ['ignore', 'ignore_ament_install']
[0.204s] colcon.colcon_core.package_identification Level 1 _identify(src/test_action_interfaces) by extension 'ignore'
[0.204s] colcon.colcon_core.package_identification Level 1 _identify(src/test_action_interfaces) by extension 'ignore_ament_install'
[0.204s] colcon.colcon_core.package_identification Level 1 _identify(src/test_action_interfaces) by extensions ['colcon_pkg']
[0.204s] colcon.colcon_core.package_identification Level 1 _identify(src/test_action_interfaces) by extension 'colcon_pkg'
[0.204s] colcon.colcon_core.package_identification Level 1 _identify(src/test_action_interfaces) by extensions ['colcon_meta']
[0.204s] colcon.colcon_core.package_identification Level 1 _identify(src/test_action_interfaces) by extension 'colcon_meta'
[0.204s] colcon.colcon_core.package_identification Level 1 _identify(src/test_action_interfaces) by extensions ['ros']
[0.204s] colcon.colcon_core.package_identification Level 1 _identify(src/test_action_interfaces) by extension 'ros'
[0.204s] colcon.colcon_core.package_identification DEBUG Package 'src/test_action_interfaces' with type 'ros.ament_cmake' and name 'test_action_interfaces'
[0.204s] colcon.colcon_core.package_discovery Level 1 discover_packages(recursive) using defaults
[0.204s] colcon.colcon_core.package_discovery Level 1 discover_packages(ignore) discover
[0.204s] colcon.colcon_core.package_discovery Level 1 discover_packages(ignore) using defaults
[0.204s] colcon.colcon_core.package_discovery Level 1 discover_packages(path) discover
[0.204s] colcon.colcon_core.package_discovery Level 1 discover_packages(path) using defaults
[0.213s] colcon.colcon_core.package_discovery Level 1 discover_packages(prefix_path) check parameters
[0.213s] colcon.colcon_core.package_discovery Level 1 discover_packages(prefix_path) discover
[0.214s] colcon.colcon_installed_package_information.package_discovery DEBUG Found 310 installed packages in /opt/ros/humble
[0.216s] colcon.colcon_core.package_discovery Level 1 discover_packages(prefix_path) using defaults
[0.236s] colcon.colcon_core.verb Level 5 set package 'test_action_interfaces' build argument 'cmake_args' from command line to 'None'
[0.236s] colcon.colcon_core.verb Level 5 set package 'test_action_interfaces' build argument 'cmake_target' from command line to 'None'
[0.236s] colcon.colcon_core.verb Level 5 set package 'test_action_interfaces' build argument 'cmake_target_skip_unavailable' from command line to 'False'
[0.236s] colcon.colcon_core.verb Level 5 set package 'test_action_interfaces' build argument 'cmake_clean_cache' from command line to 'False'
[0.236s] colcon.colcon_core.verb Level 5 set package 'test_action_interfaces' build argument 'cmake_clean_first' from command line to 'False'
[0.236s] colcon.colcon_core.verb Level 5 set package 'test_action_interfaces' build argument 'cmake_force_configure' from command line to 'False'
[0.236s] colcon.colcon_core.verb Level 5 set package 'test_action_interfaces' build argument 'ament_cmake_args' from command line to 'None'
[0.236s] colcon.colcon_core.verb Level 5 set package 'test_action_interfaces' build argument 'catkin_cmake_args' from command line to 'None'
[0.236s] colcon.colcon_core.verb Level 5 set package 'test_action_interfaces' build argument 'catkin_skip_building_tests' from command line to 'False'
[0.236s] colcon.colcon_core.verb DEBUG Building package 'test_action_interfaces' with the following arguments: {'ament_cmake_args': None, 'build_base': '/home/lhl/test_action_ws/build/test_action_interfaces', 'catkin_cmake_args': None, 'catkin_skip_building_tests': False, 'cmake_args': None, 'cmake_clean_cache': False, 'cmake_clean_first': False, 'cmake_force_configure': False, 'cmake_target': None, 'cmake_target_skip_unavailable': False, 'install_base': '/home/lhl/test_action_ws/install/test_action_interfaces', 'merge_install': False, 'path': '/home/lhl/test_action_ws/src/test_action_interfaces', 'symlink_install': False, 'test_result_base': None}
[0.236s] colcon.colcon_core.verb Level 5 set package 'test_action_cancel' build argument 'cmake_args' from command line to 'None'
[0.236s] colcon.colcon_core.verb Level 5 set package 'test_action_cancel' build argument 'cmake_target' from command line to 'None'
[0.236s] colcon.colcon_core.verb Level 5 set package 'test_action_cancel' build argument 'cmake_target_skip_unavailable' from command line to 'False'
[0.236s] colcon.colcon_core.verb Level 5 set package 'test_action_cancel' build argument 'cmake_clean_cache' from command line to 'False'
[0.236s] colcon.colcon_core.verb Level 5 set package 'test_action_cancel' build argument 'cmake_clean_first' from command line to 'False'
[0.236s] colcon.colcon_core.verb Level 5 set package 'test_action_cancel' build argument 'cmake_force_configure' from command line to 'False'
[0.236s] colcon.colcon_core.verb Level 5 set package 'test_action_cancel' build argument 'ament_cmake_args' from command line to 'None'
[0.236s] colcon.colcon_core.verb Level 5 set package 'test_action_cancel' build argument 'catkin_cmake_args' from command line to 'None'
[0.236s] colcon.colcon_core.verb Level 5 set package 'test_action_cancel' build argument 'catkin_skip_building_tests' from command line to 'False'
[0.236s] colcon.colcon_core.verb DEBUG Building package 'test_action_cancel' with the following arguments: {'ament_cmake_args': None, 'build_base': '/home/lhl/test_action_ws/build/test_action_cancel', 'catkin_cmake_args': None, 'catkin_skip_building_tests': False, 'cmake_args': None, 'cmake_clean_cache': False, 'cmake_clean_first': False, 'cmake_force_configure': False, 'cmake_target': None, 'cmake_target_skip_unavailable': False, 'install_base': '/home/lhl/test_action_ws/install/test_action_cancel', 'merge_install': False, 'path': '/home/lhl/test_action_ws/src/test_action_cancel', 'symlink_install': False, 'test_result_base': None}
[0.236s] colcon.colcon_core.executor INFO Executing jobs using 'parallel' executor
[0.237s] colcon.colcon_parallel_executor.executor.parallel DEBUG run_until_complete
[0.237s] colcon.colcon_ros.task.ament_cmake.build INFO Building ROS package in '/home/lhl/test_action_ws/src/test_action_interfaces' with build type 'ament_cmake'
[0.238s] colcon.colcon_cmake.task.cmake.build INFO Building CMake package in '/home/lhl/test_action_ws/src/test_action_interfaces'
[0.239s] colcon.colcon_core.plugin_system INFO Skipping extension 'colcon_core.shell.bat': Not used on non-Windows systems
[0.239s] colcon.colcon_core.shell INFO Skip shell extension 'powershell' for command environment: Not usable outside of PowerShell
[0.239s] colcon.colcon_core.shell DEBUG Skip shell extension 'dsv' for command environment
[0.245s] colcon.colcon_core.event_handler.log_command DEBUG Invoking command in '/home/lhl/test_action_ws/build/test_action_interfaces': CMAKE_PREFIX_PATH=/opt/ros/humble /opt/cmake-3.28/bin/cmake --build /home/lhl/test_action_ws/build/test_action_interfaces -- -j16 -l16
[0.446s] colcon.colcon_core.event_handler.log_command DEBUG Invoked command in '/home/lhl/test_action_ws/build/test_action_interfaces' returned '0': CMAKE_PREFIX_PATH=/opt/ros/humble /opt/cmake-3.28/bin/cmake --build /home/lhl/test_action_ws/build/test_action_interfaces -- -j16 -l16
[0.450s] colcon.colcon_core.event_handler.log_command DEBUG Invoking command in '/home/lhl/test_action_ws/build/test_action_interfaces': CMAKE_PREFIX_PATH=/opt/ros/humble /opt/cmake-3.28/bin/cmake --install /home/lhl/test_action_ws/build/test_action_interfaces
[0.482s] colcon.colcon_core.environment Level 1 create_environment_scripts_only(test_action_interfaces)
[0.482s] colcon.colcon_core.event_handler.log_command DEBUG Invoked command in '/home/lhl/test_action_ws/build/test_action_interfaces' returned '0': CMAKE_PREFIX_PATH=/opt/ros/humble /opt/cmake-3.28/bin/cmake --install /home/lhl/test_action_ws/build/test_action_interfaces
[0.483s] colcon.colcon_core.environment Level 1 checking '/home/lhl/test_action_ws/install/test_action_interfaces' for CMake module files
[0.484s] colcon.colcon_core.environment Level 1 checking '/home/lhl/test_action_ws/install/test_action_interfaces' for CMake config files
[0.484s] colcon.colcon_core.shell Level 1 create_environment_hook('test_action_interfaces', 'cmake_prefix_path')
[0.484s] colcon.colcon_core.shell INFO Creating environment hook '/home/lhl/test_action_ws/install/test_action_interfaces/share/test_action_interfaces/hook/cmake_prefix_path.ps1'
[0.485s] colcon.colcon_core.shell INFO Creating environment descriptor '/home/lhl/test_action_ws/install/test_action_interfaces/share/test_action_interfaces/hook/cmake_prefix_path.dsv'
[0.485s] colcon.colcon_core.shell INFO Creating environment hook '/home/lhl/test_action_ws/install/test_action_interfaces/share/test_action_interfaces/hook/cmake_prefix_path.sh'
[0.485s] colcon.colcon_core.environment Level 1 checking '/home/lhl/test_action_ws/install/test_action_interfaces/lib'
[0.485s] colcon.colcon_core.shell Level 1 create_environment_hook('test_action_interfaces', 'ld_library_path_lib')
[0.486s] colcon.colcon_core.shell INFO Creating environment hook '/home/lhl/test_action_ws/install/test_action_interfaces/share/test_action_interfaces/hook/ld_library_path_lib.ps1'
[0.486s] colcon.colcon_core.shell INFO Creating environment descriptor '/home/lhl/test_action_ws/install/test_action_interfaces/share/test_action_interfaces/hook/ld_library_path_lib.dsv'
[0.486s] colcon.colcon_core.shell INFO Creating environment hook '/home/lhl/test_action_ws/install/test_action_interfaces/share/test_action_interfaces/hook/ld_library_path_lib.sh'
[0.486s] colcon.colcon_core.environment Level 1 checking '/home/lhl/test_action_ws/install/test_action_interfaces/bin'
[0.486s] colcon.colcon_core.environment Level 1 checking '/home/lhl/test_action_ws/install/test_action_interfaces/lib/pkgconfig/test_action_interfaces.pc'
[0.486s] colcon.colcon_core.environment Level 1 checking '/home/lhl/test_action_ws/install/test_action_interfaces/lib/python3.10/site-packages'
[0.487s] colcon.colcon_core.environment Level 1 checking '/home/lhl/test_action_ws/install/test_action_interfaces/bin'
[0.487s] colcon.colcon_core.shell INFO Creating package script '/home/lhl/test_action_ws/install/test_action_interfaces/share/test_action_interfaces/package.ps1'
[0.487s] colcon.colcon_core.shell INFO Creating package descriptor '/home/lhl/test_action_ws/install/test_action_interfaces/share/test_action_interfaces/package.dsv'
[0.487s] colcon.colcon_core.shell INFO Creating package script '/home/lhl/test_action_ws/install/test_action_interfaces/share/test_action_interfaces/package.sh'
[0.488s] colcon.colcon_core.shell INFO Creating package script '/home/lhl/test_action_ws/install/test_action_interfaces/share/test_action_interfaces/package.bash'
[0.488s] colcon.colcon_core.shell INFO Creating package script '/home/lhl/test_action_ws/install/test_action_interfaces/share/test_action_interfaces/package.zsh'
[0.488s] colcon.colcon_core.environment Level 1 create_file_with_runtime_dependencies(/home/lhl/test_action_ws/install/test_action_interfaces/share/colcon-core/packages/test_action_interfaces)
[0.489s] colcon.colcon_core.environment Level 1 create_environment_scripts_only(test_action_interfaces)
[0.489s] colcon.colcon_core.environment Level 1 checking '/home/lhl/test_action_ws/install/test_action_interfaces' for CMake module files
[0.489s] colcon.colcon_core.environment Level 1 checking '/home/lhl/test_action_ws/install/test_action_interfaces' for CMake config files
[0.490s] colcon.colcon_core.shell Level 1 create_environment_hook('test_action_interfaces', 'cmake_prefix_path')
[0.490s] colcon.colcon_core.shell INFO Creating environment hook '/home/lhl/test_action_ws/install/test_action_interfaces/share/test_action_interfaces/hook/cmake_prefix_path.ps1'
[0.490s] colcon.colcon_core.shell INFO Creating environment descriptor '/home/lhl/test_action_ws/install/test_action_interfaces/share/test_action_interfaces/hook/cmake_prefix_path.dsv'
[0.490s] colcon.colcon_core.shell INFO Creating environment hook '/home/lhl/test_action_ws/install/test_action_interfaces/share/test_action_interfaces/hook/cmake_prefix_path.sh'
[0.490s] colcon.colcon_core.environment Level 1 checking '/home/lhl/test_action_ws/install/test_action_interfaces/lib'
[0.490s] colcon.colcon_core.shell Level 1 create_environment_hook('test_action_interfaces', 'ld_library_path_lib')
[0.491s] colcon.colcon_core.shell INFO Creating environment hook '/home/lhl/test_action_ws/install/test_action_interfaces/share/test_action_interfaces/hook/ld_library_path_lib.ps1'
[0.491s] colcon.colcon_core.shell INFO Creating environment descriptor '/home/lhl/test_action_ws/install/test_action_interfaces/share/test_action_interfaces/hook/ld_library_path_lib.dsv'
[0.491s] colcon.colcon_core.shell INFO Creating environment hook '/home/lhl/test_action_ws/install/test_action_interfaces/share/test_action_interfaces/hook/ld_library_path_lib.sh'
[0.491s] colcon.colcon_core.environment Level 1 checking '/home/lhl/test_action_ws/install/test_action_interfaces/bin'
[0.491s] colcon.colcon_core.environment Level 1 checking '/home/lhl/test_action_ws/install/test_action_interfaces/lib/pkgconfig/test_action_interfaces.pc'
[0.491s] colcon.colcon_core.environment Level 1 checking '/home/lhl/test_action_ws/install/test_action_interfaces/lib/python3.10/site-packages'
[0.491s] colcon.colcon_core.environment Level 1 checking '/home/lhl/test_action_ws/install/test_action_interfaces/bin'
[0.492s] colcon.colcon_core.shell INFO Creating package script '/home/lhl/test_action_ws/install/test_action_interfaces/share/test_action_interfaces/package.ps1'
[0.492s] colcon.colcon_core.shell INFO Creating package descriptor '/home/lhl/test_action_ws/install/test_action_interfaces/share/test_action_interfaces/package.dsv'
[0.492s] colcon.colcon_core.shell INFO Creating package script '/home/lhl/test_action_ws/install/test_action_interfaces/share/test_action_interfaces/package.sh'
[0.492s] colcon.colcon_core.shell INFO Creating package script '/home/lhl/test_action_ws/install/test_action_interfaces/share/test_action_interfaces/package.bash'
[0.493s] colcon.colcon_core.shell INFO Creating package script '/home/lhl/test_action_ws/install/test_action_interfaces/share/test_action_interfaces/package.zsh'
[0.493s] colcon.colcon_core.environment Level 1 create_file_with_runtime_dependencies(/home/lhl/test_action_ws/install/test_action_interfaces/share/colcon-core/packages/test_action_interfaces)
[0.493s] colcon.colcon_ros.task.ament_python.build INFO Building ROS package in '/home/lhl/test_action_ws/src/test_action_cancel' with build type 'ament_python'
[0.493s] colcon.colcon_core.shell Level 1 create_environment_hook('test_action_cancel', 'ament_prefix_path')
[0.493s] colcon.colcon_core.shell INFO Creating environment hook '/home/lhl/test_action_ws/install/test_action_cancel/share/test_action_cancel/hook/ament_prefix_path.ps1'
[0.493s] colcon.colcon_core.shell INFO Creating environment descriptor '/home/lhl/test_action_ws/install/test_action_cancel/share/test_action_cancel/hook/ament_prefix_path.dsv'
[0.494s] colcon.colcon_core.shell INFO Creating environment hook '/home/lhl/test_action_ws/install/test_action_cancel/share/test_action_cancel/hook/ament_prefix_path.sh'
[0.494s] colcon.colcon_core.shell INFO Skip shell extension 'powershell' for command environment: Not usable outside of PowerShell
[0.494s] colcon.colcon_core.shell DEBUG Skip shell extension 'dsv' for command environment
[0.677s] colcon.colcon_core.task.python.build INFO Building Python package in '/home/lhl/test_action_ws/src/test_action_cancel'
[0.678s] colcon.colcon_core.shell INFO Skip shell extension 'powershell' for command environment: Not usable outside of PowerShell
[0.678s] colcon.colcon_core.shell DEBUG Skip shell extension 'dsv' for command environment
[0.944s] colcon.colcon_core.event_handler.log_command DEBUG Invoking command in '/home/lhl/test_action_ws/src/test_action_cancel': AMENT_PREFIX_PATH=/home/lhl/test_action_ws/install/test_action_interfaces:${AMENT_PREFIX_PATH} CMAKE_PREFIX_PATH=/home/lhl/test_action_ws/install/test_action_interfaces LD_LIBRARY_PATH=/home/lhl/test_action_ws/install/test_action_interfaces/lib:${LD_LIBRARY_PATH} PYTHONPATH=/home/lhl/test_action_ws/build/test_action_cancel/prefix_override:/usr/lib/python3/dist-packages/colcon_core/task/python/colcon_distutils_commands:/home/lhl/test_action_ws/install/test_action_cancel/lib/python3.10/site-packages:/home/lhl/test_action_ws/install/test_action_interfaces/local/lib/python3.10/dist-packages:${PYTHONPATH} /usr/bin/python3 -W ignore:setup.py install is deprecated -W ignore:easy_install command is deprecated setup.py egg_info --egg-base ../../build/test_action_cancel build --build-base /home/lhl/test_action_ws/build/test_action_cancel/build install --record /home/lhl/test_action_ws/build/test_action_cancel/install.log --single-version-externally-managed install_data
[1.138s] colcon.colcon_core.environment Level 1 checking '/home/lhl/test_action_ws/install/test_action_cancel' for CMake module files
[1.138s] colcon.colcon_core.event_handler.log_command DEBUG Invoked command in '/home/lhl/test_action_ws/src/test_action_cancel' returned '0': AMENT_PREFIX_PATH=/home/lhl/test_action_ws/install/test_action_interfaces:${AMENT_PREFIX_PATH} CMAKE_PREFIX_PATH=/home/lhl/test_action_ws/install/test_action_interfaces LD_LIBRARY_PATH=/home/lhl/test_action_ws/install/test_action_interfaces/lib:${LD_LIBRARY_PATH} PYTHONPATH=/home/lhl/test_action_ws/build/test_action_cancel/prefix_override:/usr/lib/python3/dist-packages/colcon_core/task/python/colcon_distutils_commands:/home/lhl/test_action_ws/install/test_action_cancel/lib/python3.10/site-packages:/home/lhl/test_action_ws/install/test_action_interfaces/local/lib/python3.10/dist-packages:${PYTHONPATH} /usr/bin/python3 -W ignore:setup.py install is deprecated -W ignore:easy_install command is deprecated setup.py egg_info --egg-base ../../build/test_action_cancel build --build-base /home/lhl/test_action_ws/build/test_action_cancel/build install --record /home/lhl/test_action_ws/build/test_action_cancel/install.log --single-version-externally-managed install_data
[1.139s] colcon.colcon_core.environment Level 1 checking '/home/lhl/test_action_ws/install/test_action_cancel' for CMake config files
[1.139s] colcon.colcon_core.environment Level 1 checking '/home/lhl/test_action_ws/install/test_action_cancel/lib'
[1.139s] colcon.colcon_core.environment Level 1 checking '/home/lhl/test_action_ws/install/test_action_cancel/bin'
[1.139s] colcon.colcon_core.environment Level 1 checking '/home/lhl/test_action_ws/install/test_action_cancel/lib/pkgconfig/test_action_cancel.pc'
[1.139s] colcon.colcon_core.environment Level 1 checking '/home/lhl/test_action_ws/install/test_action_cancel/lib/python3.10/site-packages'
[1.139s] colcon.colcon_core.shell Level 1 create_environment_hook('test_action_cancel', 'pythonpath')
[1.139s] colcon.colcon_core.shell INFO Creating environment hook '/home/lhl/test_action_ws/install/test_action_cancel/share/test_action_cancel/hook/pythonpath.ps1'
[1.140s] colcon.colcon_core.shell INFO Creating environment descriptor '/home/lhl/test_action_ws/install/test_action_cancel/share/test_action_cancel/hook/pythonpath.dsv'
[1.140s] colcon.colcon_core.shell INFO Creating environment hook '/home/lhl/test_action_ws/install/test_action_cancel/share/test_action_cancel/hook/pythonpath.sh'
[1.140s] colcon.colcon_core.environment Level 1 checking '/home/lhl/test_action_ws/install/test_action_cancel/bin'
[1.140s] colcon.colcon_core.environment Level 1 create_environment_scripts_only(test_action_cancel)
[1.140s] colcon.colcon_core.shell INFO Creating package script '/home/lhl/test_action_ws/install/test_action_cancel/share/test_action_cancel/package.ps1'
[1.141s] colcon.colcon_core.shell INFO Creating package descriptor '/home/lhl/test_action_ws/install/test_action_cancel/share/test_action_cancel/package.dsv'
[1.141s] colcon.colcon_core.shell INFO Creating package script '/home/lhl/test_action_ws/install/test_action_cancel/share/test_action_cancel/package.sh'
[1.141s] colcon.colcon_core.shell INFO Creating package script '/home/lhl/test_action_ws/install/test_action_cancel/share/test_action_cancel/package.bash'
[1.141s] colcon.colcon_core.shell INFO Creating package script '/home/lhl/test_action_ws/install/test_action_cancel/share/test_action_cancel/package.zsh'
[1.141s] colcon.colcon_core.environment Level 1 create_file_with_runtime_dependencies(/home/lhl/test_action_ws/install/test_action_cancel/share/colcon-core/packages/test_action_cancel)
[1.142s] colcon.colcon_parallel_executor.executor.parallel DEBUG closing loop
[1.142s] colcon.colcon_parallel_executor.executor.parallel DEBUG loop closed
[1.142s] colcon.colcon_parallel_executor.executor.parallel DEBUG run_until_complete finished with '0'
[1.142s] colcon.colcon_core.event_reactor DEBUG joining thread
[1.146s] colcon.colcon_core.plugin_system INFO Skipping extension 'colcon_notification.desktop_notification.terminal_notifier': Not used on non-Darwin systems
[1.146s] colcon.colcon_core.plugin_system INFO Skipping extension 'colcon_notification.desktop_notification.win32': Not used on non-Windows systems
[1.146s] colcon.colcon_notification.desktop_notification INFO Sending desktop notification using 'notify2'
[1.153s] colcon.colcon_core.event_reactor DEBUG joined thread
[1.154s] colcon.colcon_core.shell INFO Creating prefix script '/home/lhl/test_action_ws/install/local_setup.ps1'
[1.155s] colcon.colcon_core.shell INFO Creating prefix util module '/home/lhl/test_action_ws/install/_local_setup_util_ps1.py'
[1.155s] colcon.colcon_core.shell INFO Creating prefix chain script '/home/lhl/test_action_ws/install/setup.ps1'
[1.156s] colcon.colcon_core.shell INFO Creating prefix script '/home/lhl/test_action_ws/install/local_setup.sh'
[1.157s] colcon.colcon_core.shell INFO Creating prefix util module '/home/lhl/test_action_ws/install/_local_setup_util_sh.py'
[1.157s] colcon.colcon_core.shell INFO Creating prefix chain script '/home/lhl/test_action_ws/install/setup.sh'
[1.158s] colcon.colcon_core.shell INFO Creating prefix script '/home/lhl/test_action_ws/install/local_setup.bash'
[1.158s] colcon.colcon_core.shell INFO Creating prefix chain script '/home/lhl/test_action_ws/install/setup.bash'
[1.158s] colcon.colcon_core.shell INFO Creating prefix script '/home/lhl/test_action_ws/install/local_setup.zsh'
[1.159s] colcon.colcon_core.shell INFO Creating prefix chain script '/home/lhl/test_action_ws/install/setup.zsh'
